EVENT	59999	1	EVENT_ATTACHED	0	
DEBUG	59999	1	VBUS:5211, CC:2	1	
SRC	60108	1	SOP	 PD3	s:018	    H:0x41A1    	(id:0, DR:DFP, PR:SRC) 	SRC_CAPABILITIES	DATA: 2C91010A2CD102002CB104002C410600	
Option: 	DRD	EPW	
 [1] Fixed : 5V - 3A
 [2] Fixed : 9V - 3A
 [3] Fixed : 15V - 3A
 [4] Fixed : 20V - 3A
	2	
SRC	60258	1	SOP	 PD3	s:018	    H:0x41A1    	(id:0, DR:DFP, PR:SRC) 	SRC_CAPABILITIES	DATA: 2C91010A2CD102002CB104002C410600	
Option: 	DRD	EPW	
 [1] Fixed : 5V - 3A
 [2] Fixed : 9V - 3A
 [3] Fixed : 15V - 3A
 [4] Fixed : 20V - 3A
	3	
DEBUG	60341	1	VBUS:881: CC:0	4	
EVENT	60341	1	EVENT_DETACHED	5	
EVENT	60491	1	EVENT_ATTACHED	6	
DEBUG	60491	1	VBUS:5218, CC:2	7	
SRC	60599	1	SOP	 PD3	s:018	    H:0x41A1    	(id:0, DR:DFP, PR:SRC) 	SRC_CAPABILITIES	DATA: 2C91010A2CD102002CB104002C410600	
Option: 	DRD	EPW	
 [1] Fixed : 5V - 3A
 [2] Fixed : 9V - 3A
 [3] Fixed : 15V - 3A
 [4] Fixed : 20V - 3A
	8	
SNK	60600	1	SOP	s:002	    H:0x0041     (id:0, DR:UFP, PR:SNK) 	GOODCRC	9	
DEBUG	60671	1	VBUS:983: CC:2	10	
EVENT	60671	1	EVENT_DETACHED	11	
EVENT	61349	1	EVENT_ATTACHED	12	
DEBUG	61349	1	VBUS:3641, CC:2	13	
SRC	61458	1	SOP	 PD3	s:018	    H:0x41A1    	(id:0, DR:DFP, PR:SRC) 	SRC_CAPABILITIES	DATA: 2C91010A2CD102002CB104002C410600	
Option: 	DRD	EPW	
 [1] Fixed : 5V - 3A
 [2] Fixed : 9V - 3A
 [3] Fixed : 15V - 3A
 [4] Fixed : 20V - 3A
	14	
SRC	61608	1	SOP	 PD3	s:018	    H:0x41A1    	(id:0, DR:DFP, PR:SRC) 	SRC_CAPABILITIES	DATA: 2C91010A2CD102002CB104002C410600	
Option: 	DRD	EPW	
 [1] Fixed : 5V - 3A
 [2] Fixed : 9V - 3A
 [3] Fixed : 15V - 3A
 [4] Fixed : 20V - 3A
	15	
SRC	61757	1	SOP	 PD3	s:018	    H:0x41A1    	(id:0, DR:DFP, PR:SRC) 	SRC_CAPABILITIES	DATA: 2C91010A2CD102002CB104002C410600	
Option: 	DRD	EPW	
 [1] Fixed : 5V - 3A
 [2] Fixed : 9V - 3A
 [3] Fixed : 15V - 3A
 [4] Fixed : 20V - 3A
	16	
SRC	61906	1	SOP	 PD3	s:018	    H:0x41A1    	(id:0, DR:DFP, PR:SRC) 	SRC_CAPABILITIES	DATA: 2C91010A2CD102002CB104002C410600	
Option: 	DRD	EPW	
 [1] Fixed : 5V - 3A
 [2] Fixed : 9V - 3A
 [3] Fixed : 15V - 3A
 [4] Fixed : 20V - 3A
	17	
SRC	62056	1	SOP	 PD3	s:018	    H:0x41A1    	(id:0, DR:DFP, PR:SRC) 	SRC_CAPABILITIES	DATA: 2C91010A2CD102002CB104002C410600	
Option: 	DRD	EPW	
 [1] Fixed : 5V - 3A
 [2] Fixed : 9V - 3A
 [3] Fixed : 15V - 3A
 [4] Fixed : 20V - 3A
	18	
SRC	62205	1	SOP	 PD3	s:018	    H:0x41A1    	(id:0, DR:DFP, PR:SRC) 	SRC_CAPABILITIES	DATA: 2C91010A2CD102002CB104002C410600	
Option: 	DRD	EPW	
 [1] Fixed : 5V - 3A
 [2] Fixed : 9V - 3A
 [3] Fixed : 15V - 3A
 [4] Fixed : 20V - 3A
	19	
SRC	62355	1	SOP	 PD3	s:018	    H:0x41A1    	(id:0, DR:DFP, PR:SRC) 	SRC_CAPABILITIES	DATA: 2C91010A2CD102002CB104002C410600	
Option: 	DRD	EPW	
 [1] Fixed : 5V - 3A
 [2] Fixed : 9V - 3A
 [3] Fixed : 15V - 3A
 [4] Fixed : 20V - 3A
	20	
SRC	62505	1	SOP	 PD3	s:018	    H:0x41A1    	(id:0, DR:DFP, PR:SRC) 	SRC_CAPABILITIES	DATA: 2C91010A2CD102002CB104002C410600	
Option: 	DRD	EPW	
 [1] Fixed : 5V - 3A
 [2] Fixed : 9V - 3A
 [3] Fixed : 15V - 3A
 [4] Fixed : 20V - 3A
	21	
DEBUG	62653	1	VBUS:886: CC:0	22	
EVENT	62653	1	EVENT_DETACHED	23	
EVENT	62803	1	EVENT_ATTACHED	24	
DEBUG	62803	1	VBUS:5175, CC:2	25	
SRC	62912	1	SOP	 PD3	s:018	    H:0x41A1    	(id:0, DR:DFP, PR:SRC) 	SRC_CAPABILITIES	DATA: 2C91010A2CD102002CB104002C410600	
Option: 	DRD	EPW	
 [1] Fixed : 5V - 3A
 [2] Fixed : 9V - 3A
 [3] Fixed : 15V - 3A
 [4] Fixed : 20V - 3A
	26	
SRC	63062	1	SOP	 PD3	s:018	    H:0x41A1    	(id:0, DR:DFP, PR:SRC) 	SRC_CAPABILITIES	DATA: 2C91010A2CD102002CB104002C410600	
Option: 	DRD	EPW	
 [1] Fixed : 5V - 3A
 [2] Fixed : 9V - 3A
 [3] Fixed : 15V - 3A
 [4] Fixed : 20V - 3A
	27	
SRC	63211	1	SOP	 PD3	s:018	    H:0x41A1    	(id:0, DR:DFP, PR:SRC) 	SRC_CAPABILITIES	DATA: 2C91010A2CD102002CB104002C410600	
Option: 	DRD	EPW	
 [1] Fixed : 5V - 3A
 [2] Fixed : 9V - 3A
 [3] Fixed : 15V - 3A
 [4] Fixed : 20V - 3A
	28	
SRC	63360	1	SOP	 PD3	s:018	    H:0x41A1    	(id:0, DR:DFP, PR:SRC) 	SRC_CAPABILITIES	DATA: 2C91010A2CD102002CB104002C410600	
Option: 	DRD	EPW	
 [1] Fixed : 5V - 3A
 [2] Fixed : 9V - 3A
 [3] Fixed : 15V - 3A
 [4] Fixed : 20V - 3A
	29	
SRC	63509	1	SOP	 PD3	s:018	    H:0x41A1    	(id:0, DR:DFP, PR:SRC) 	SRC_CAPABILITIES	DATA: 2C91010A2CD102002CB104002C410600	
Option: 	DRD	EPW	
 [1] Fixed : 5V - 3A
 [2] Fixed : 9V - 3A
 [3] Fixed : 15V - 3A
 [4] Fixed : 20V - 3A
	30	
SRC	63658	1	SOP	 PD3	s:018	    H:0x41A1    	(id:0, DR:DFP, PR:SRC) 	SRC_CAPABILITIES	DATA: 2C91010A2CD102002CB104002C410600	
Option: 	DRD	EPW	
 [1] Fixed : 5V - 3A
 [2] Fixed : 9V - 3A
 [3] Fixed : 15V - 3A
 [4] Fixed : 20V - 3A
	31	
SRC	63808	1	SOP	 PD3	s:018	    H:0x41A1    	(id:0, DR:DFP, PR:SRC) 	SRC_CAPABILITIES	DATA: 2C91010A2CD102002CB104002C410600	
Option: 	DRD	EPW	
 [1] Fixed : 5V - 3A
 [2] Fixed : 9V - 3A
 [3] Fixed : 15V - 3A
 [4] Fixed : 20V - 3A
	32	
SRC	63958	1	SOP	 PD3	s:018	    H:0x41A1    	(id:0, DR:DFP, PR:SRC) 	SRC_CAPABILITIES	DATA: 2C91010A2CD102002CB104002C410600	
Option: 	DRD	EPW	
 [1] Fixed : 5V - 3A
 [2] Fixed : 9V - 3A
 [3] Fixed : 15V - 3A
 [4] Fixed : 20V - 3A
	33	
DEBUG	64105	1	VBUS:960: CC:0	34	
EVENT	64105	1	EVENT_DETACHED	35	
EVENT	64259	1	EVENT_ATTACHED	36	
DEBUG	64259	1	VBUS:5204, CC:2	37	
SRC	64367	1	SOP	 PD3	s:018	    H:0x41A1    	(id:0, DR:DFP, PR:SRC) 	SRC_CAPABILITIES	DATA: 2C91010A2CD102002CB104002C410600	
Option: 	DRD	EPW	
 [1] Fixed : 5V - 3A
 [2] Fixed : 9V - 3A
 [3] Fixed : 15V - 3A
 [4] Fixed : 20V - 3A
	38	
SRC	64517	1	SOP	 PD3	s:018	    H:0x41A1    	(id:0, DR:DFP, PR:SRC) 	SRC_CAPABILITIES	DATA: 2C91010A2CD102002CB104002C410600	
Option: 	DRD	EPW	
 [1] Fixed : 5V - 3A
 [2] Fixed : 9V - 3A
 [3] Fixed : 15V - 3A
 [4] Fixed : 20V - 3A
	39	
SRC	64666	1	SOP	 PD3	s:018	    H:0x41A1    	(id:0, DR:DFP, PR:SRC) 	SRC_CAPABILITIES	DATA: 2C91010A2CD102002CB104002C410600	
Option: 	DRD	EPW	
 [1] Fixed : 5V - 3A
 [2] Fixed : 9V - 3A
 [3] Fixed : 15V - 3A
 [4] Fixed : 20V - 3A
	40	
SRC	64816	1	SOP	 PD3	s:018	    H:0x41A1    	(id:0, DR:DFP, PR:SRC) 	SRC_CAPABILITIES	DATA: 2C91010A2CD102002CB104002C410600	
Option: 	DRD	EPW	
 [1] Fixed : 5V - 3A
 [2] Fixed : 9V - 3A
 [3] Fixed : 15V - 3A
 [4] Fixed : 20V - 3A
	41	
SRC	64967	1	SOP	 PD3	s:018	    H:0x41A1    	(id:0, DR:DFP, PR:SRC) 	SRC_CAPABILITIES	DATA: 2C91010A2CD102002CB104002C410600	
Option: 	DRD	EPW	
 [1] Fixed : 5V - 3A
 [2] Fixed : 9V - 3A
 [3] Fixed : 15V - 3A
 [4] Fixed : 20V - 3A
	42	
SRC	65116	1	SOP	 PD3	s:018	    H:0x41A1    	(id:0, DR:DFP, PR:SRC) 	SRC_CAPABILITIES	DATA: 2C91010A2CD102002CB104002C410600	
Option: 	DRD	EPW	
 [1] Fixed : 5V - 3A
 [2] Fixed : 9V - 3A
 [3] Fixed : 15V - 3A
 [4] Fixed : 20V - 3A
	43	
SRC	65265	1	SOP	 PD3	s:018	    H:0x41A1    	(id:0, DR:DFP, PR:SRC) 	SRC_CAPABILITIES	DATA: 2C91010A2CD102002CB104002C410600	
Option: 	DRD	EPW	
 [1] Fixed : 5V - 3A
 [2] Fixed : 9V - 3A
 [3] Fixed : 15V - 3A
 [4] Fixed : 20V - 3A
	44	
SRC	65416	1	SOP	 PD3	s:018	    H:0x41A1    	(id:0, DR:DFP, PR:SRC) 	SRC_CAPABILITIES	DATA: 2C91010A2CD102002CB104002C410600	
Option: 	DRD	EPW	
 [1] Fixed : 5V - 3A
 [2] Fixed : 9V - 3A
 [3] Fixed : 15V - 3A
 [4] Fixed : 20V - 3A
	45	
DEBUG	65561	1	VBUS:980: CC:0	46	
EVENT	65561	1	EVENT_DETACHED	47	
EVENT	65715	1	EVENT_ATTACHED	48	
DEBUG	65715	1	VBUS:5233, CC:2	49	
SRC	65822	1	SOP	 PD3	s:018	    H:0x41A1    	(id:0, DR:DFP, PR:SRC) 	SRC_CAPABILITIES	DATA: 2C91010A2CD102002CB104002C410600	
Option: 	DRD	EPW	
 [1] Fixed : 5V - 3A
 [2] Fixed : 9V - 3A
 [3] Fixed : 15V - 3A
 [4] Fixed : 20V - 3A
	50	
SRC	65971	1	SOP	 PD3	s:018	    H:0x41A1    	(id:0, DR:DFP, PR:SRC) 	SRC_CAPABILITIES	DATA: 2C91010A2CD102002CB104002C410600	
Option: 	DRD	EPW	
 [1] Fixed : 5V - 3A
 [2] Fixed : 9V - 3A
 [3] Fixed : 15V - 3A
 [4] Fixed : 20V - 3A
	51	
SRC	66121	1	SOP	 PD3	s:018	    H:0x41A1    	(id:0, DR:DFP, PR:SRC) 	SRC_CAPABILITIES	DATA: 2C91010A2CD102002CB104002C410600	
Option: 	DRD	EPW	
 [1] Fixed : 5V - 3A
 [2] Fixed : 9V - 3A
 [3] Fixed : 15V - 3A
 [4] Fixed : 20V - 3A
	52	
SRC	66270	1	SOP	 PD3	s:018	    H:0x41A1    	(id:0, DR:DFP, PR:SRC) 	SRC_CAPABILITIES	DATA: 2C91010A2CD102002CB104002C410600	
Option: 	DRD	EPW	
 [1] Fixed : 5V - 3A
 [2] Fixed : 9V - 3A
 [3] Fixed : 15V - 3A
 [4] Fixed : 20V - 3A
	53	
SRC	66419	1	SOP	 PD3	s:018	    H:0x41A1    	(id:0, DR:DFP, PR:SRC) 	SRC_CAPABILITIES	DATA: 2C91010A2CD102002CB104002C410600	
Option: 	DRD	EPW	
 [1] Fixed : 5V - 3A
 [2] Fixed : 9V - 3A
 [3] Fixed : 15V - 3A
 [4] Fixed : 20V - 3A
	54	
SRC	66569	1	SOP	 PD3	s:018	    H:0x41A1    	(id:0, DR:DFP, PR:SRC) 	SRC_CAPABILITIES	DATA: 2C91010A2CD102002CB104002C410600	
Option: 	DRD	EPW	
 [1] Fixed : 5V - 3A
 [2] Fixed : 9V - 3A
 [3] Fixed : 15V - 3A
 [4] Fixed : 20V - 3A
	55	
SRC	66718	1	SOP	 PD3	s:018	    H:0x41A1    	(id:0, DR:DFP, PR:SRC) 	SRC_CAPABILITIES	DATA: 2C91010A2CD102002CB104002C410600	
Option: 	DRD	EPW	
 [1] Fixed : 5V - 3A
 [2] Fixed : 9V - 3A
 [3] Fixed : 15V - 3A
 [4] Fixed : 20V - 3A
	56	
SRC	66868	1	SOP	 PD3	s:018	    H:0x41A1    	(id:0, DR:DFP, PR:SRC) 	SRC_CAPABILITIES	DATA: 2C91010A2CD102002CB104002C410600	
Option: 	DRD	EPW	
 [1] Fixed : 5V - 3A
 [2] Fixed : 9V - 3A
 [3] Fixed : 15V - 3A
 [4] Fixed : 20V - 3A
	57	
DEBUG	67019	1	VBUS:878: CC:0	58	
EVENT	67019	1	EVENT_DETACHED	59	
EVENT	67167	1	EVENT_ATTACHED	60	
DEBUG	67167	1	VBUS:2441, CC:2	61	
SRC	67276	1	SOP	 PD3	s:018	    H:0x41A1    	(id:0, DR:DFP, PR:SRC) 	SRC_CAPABILITIES	DATA: 2C91010A2CD102002CB104002C410600	
Option: 	DRD	EPW	
 [1] Fixed : 5V - 3A
 [2] Fixed : 9V - 3A
 [3] Fixed : 15V - 3A
 [4] Fixed : 20V - 3A
	62	
SRC	67426	1	SOP	 PD3	s:018	    H:0x41A1    	(id:0, DR:DFP, PR:SRC) 	SRC_CAPABILITIES	DATA: 2C91010A2CD102002CB104002C410600	
Option: 	DRD	EPW	
 [1] Fixed : 5V - 3A
 [2] Fixed : 9V - 3A
 [3] Fixed : 15V - 3A
 [4] Fixed : 20V - 3A
	63	
SRC	67575	1	SOP	 PD3	s:018	    H:0x41A1    	(id:0, DR:DFP, PR:SRC) 	SRC_CAPABILITIES	DATA: 2C91010A2CD102002CB104002C410600	
Option: 	DRD	EPW	
 [1] Fixed : 5V - 3A
 [2] Fixed : 9V - 3A
 [3] Fixed : 15V - 3A
 [4] Fixed : 20V - 3A
	64	
SRC	67725	1	SOP	 PD3	s:018	    H:0x41A1    	(id:0, DR:DFP, PR:SRC) 	SRC_CAPABILITIES	DATA: 2C91010A2CD102002CB104002C410600	
Option: 	DRD	EPW	
 [1] Fixed : 5V - 3A
 [2] Fixed : 9V - 3A
 [3] Fixed : 15V - 3A
 [4] Fixed : 20V - 3A
	65	
SRC	67874	1	SOP	 PD3	s:018	    H:0x41A1    	(id:0, DR:DFP, PR:SRC) 	SRC_CAPABILITIES	DATA: 2C91010A2CD102002CB104002C410600	
Option: 	DRD	EPW	
 [1] Fixed : 5V - 3A
 [2] Fixed : 9V - 3A
 [3] Fixed : 15V - 3A
 [4] Fixed : 20V - 3A
	66	
SRC	68024	1	SOP	 PD3	s:018	    H:0x41A1    	(id:0, DR:DFP, PR:SRC) 	SRC_CAPABILITIES	DATA: 2C91010A2CD102002CB104002C410600	
Option: 	DRD	EPW	
 [1] Fixed : 5V - 3A
 [2] Fixed : 9V - 3A
 [3] Fixed : 15V - 3A
 [4] Fixed : 20V - 3A
	67	
SRC	68173	1	SOP	 PD3	s:018	    H:0x41A1    	(id:0, DR:DFP, PR:SRC) 	SRC_CAPABILITIES	DATA: 2C91010A2CD102002CB104002C410600	
Option: 	DRD	EPW	
 [1] Fixed : 5V - 3A
 [2] Fixed : 9V - 3A
 [3] Fixed : 15V - 3A
 [4] Fixed : 20V - 3A
	68	
SRC	68323	1	SOP	 PD3	s:018	    H:0x41A1    	(id:0, DR:DFP, PR:SRC) 	SRC_CAPABILITIES	DATA: 2C91010A2CD102002CB104002C410600	
Option: 	DRD	EPW	
 [1] Fixed : 5V - 3A
 [2] Fixed : 9V - 3A
 [3] Fixed : 15V - 3A
 [4] Fixed : 20V - 3A
	69	
SRC	68472	1	SOP	 PD3	s:018	    H:0x41A1    	(id:0, DR:DFP, PR:SRC) 	SRC_CAPABILITIES	DATA: 2C91010A2CD102002CB104002C410600	
Option: 	DRD	EPW	
 [1] Fixed : 5V - 3A
 [2] Fixed : 9V - 3A
 [3] Fixed : 15V - 3A
 [4] Fixed : 20V - 3A
	70	
SRC	68622	1	SOP	 PD3	s:018	    H:0x41A1    	(id:0, DR:DFP, PR:SRC) 	SRC_CAPABILITIES	DATA: 2C91010A2CD102002CB104002C410600	
Option: 	DRD	EPW	
 [1] Fixed : 5V - 3A
 [2] Fixed : 9V - 3A
 [3] Fixed : 15V - 3A
 [4] Fixed : 20V - 3A
	71	
SRC	68771	1	SOP	 PD3	s:018	    H:0x41A1    	(id:0, DR:DFP, PR:SRC) 	SRC_CAPABILITIES	DATA: 2C91010A2CD102002CB104002C410600	
Option: 	DRD	EPW	
 [1] Fixed : 5V - 3A
 [2] Fixed : 9V - 3A
 [3] Fixed : 15V - 3A
 [4] Fixed : 20V - 3A
	72	
SRC	68921	1	SOP	 PD3	s:018	    H:0x41A1    	(id:0, DR:DFP, PR:SRC) 	SRC_CAPABILITIES	DATA: 2C91010A2CD102002CB104002C410600	
Option: 	DRD	EPW	
 [1] Fixed : 5V - 3A
 [2] Fixed : 9V - 3A
 [3] Fixed : 15V - 3A
 [4] Fixed : 20V - 3A
	73	
SRC	69072	1	SOP	 PD3	s:018	    H:0x41A1    	(id:0, DR:DFP, PR:SRC) 	SRC_CAPABILITIES	DATA: 2C91010A2CD102002CB104002C410600	
Option: 	DRD	EPW	
 [1] Fixed : 5V - 3A
 [2] Fixed : 9V - 3A
 [3] Fixed : 15V - 3A
 [4] Fixed : 20V - 3A
	74	
DEBUG	69152	1	VBUS:884: CC:0	75	
EVENT	69152	1	EVENT_DETACHED	76	
EVENT	69302	1	EVENT_ATTACHED	77	
DEBUG	69302	1	VBUS:5030, CC:2	78	
SRC	69412	1	SOP	 PD3	s:018	    H:0x41A1    	(id:0, DR:DFP, PR:SRC) 	SRC_CAPABILITIES	DATA: 2C91010A2CD102002CB104002C410600	
Option: 	DRD	EPW	
 [1] Fixed : 5V - 3A
 [2] Fixed : 9V - 3A
 [3] Fixed : 15V - 3A
 [4] Fixed : 20V - 3A
	79	
SRC	69561	1	SOP	 PD3	s:018	    H:0x41A1    	(id:0, DR:DFP, PR:SRC) 	SRC_CAPABILITIES	DATA: 2C91010A2CD102002CB104002C410600	
Option: 	DRD	EPW	
 [1] Fixed : 5V - 3A
 [2] Fixed : 9V - 3A
 [3] Fixed : 15V - 3A
 [4] Fixed : 20V - 3A
	80	
SRC	69711	1	SOP	 PD3	s:018	    H:0x41A1    	(id:0, DR:DFP, PR:SRC) 	SRC_CAPABILITIES	DATA: 2C91010A2CD102002CB104002C410600	
Option: 	DRD	EPW	
 [1] Fixed : 5V - 3A
 [2] Fixed : 9V - 3A
 [3] Fixed : 15V - 3A
 [4] Fixed : 20V - 3A
	81	
SRC	69860	1	SOP	 PD3	s:018	    H:0x41A1    	(id:0, DR:DFP, PR:SRC) 	SRC_CAPABILITIES	DATA: 2C91010A2CD102002CB104002C410600	
Option: 	DRD	EPW	
 [1] Fixed : 5V - 3A
 [2] Fixed : 9V - 3A
 [3] Fixed : 15V - 3A
 [4] Fixed : 20V - 3A
	82	
SRC	70010	1	SOP	 PD3	s:018	    H:0x41A1    	(id:0, DR:DFP, PR:SRC) 	SRC_CAPABILITIES	DATA: 2C91010A2CD102002CB104002C410600	
Option: 	DRD	EPW	
 [1] Fixed : 5V - 3A
 [2] Fixed : 9V - 3A
 [3] Fixed : 15V - 3A
 [4] Fixed : 20V - 3A
	83	
SRC	70160	1	SOP	 PD3	s:018	    H:0x41A1    	(id:0, DR:DFP, PR:SRC) 	SRC_CAPABILITIES	DATA: 2C91010A2CD102002CB104002C410600	
Option: 	DRD	EPW	
 [1] Fixed : 5V - 3A
 [2] Fixed : 9V - 3A
 [3] Fixed : 15V - 3A
 [4] Fixed : 20V - 3A
	84	
SRC	70309	1	SOP	 PD3	s:018	    H:0x41A1    	(id:0, DR:DFP, PR:SRC) 	SRC_CAPABILITIES	DATA: 2C91010A2CD102002CB104002C410600	
Option: 	DRD	EPW	
 [1] Fixed : 5V - 3A
 [2] Fixed : 9V - 3A
 [3] Fixed : 15V - 3A
 [4] Fixed : 20V - 3A
	85	
SRC	70458	1	SOP	 PD3	s:018	    H:0x41A1    	(id:0, DR:DFP, PR:SRC) 	SRC_CAPABILITIES	DATA: 2C91010A2CD102002CB104002C410600	
Option: 	DRD	EPW	
 [1] Fixed : 5V - 3A
 [2] Fixed : 9V - 3A
 [3] Fixed : 15V - 3A
 [4] Fixed : 20V - 3A
	86	
SRC	70608	1	SOP	 PD3	s:018	    H:0x41A1    	(id:0, DR:DFP, PR:SRC) 	SRC_CAPABILITIES	DATA: 2C91010A2CD102002CB104002C410600	
Option: 	DRD	EPW	
 [1] Fixed : 5V - 3A
 [2] Fixed : 9V - 3A
 [3] Fixed : 15V - 3A
 [4] Fixed : 20V - 3A
	87	
SRC	70758	1	SOP	 PD3	s:018	    H:0x41A1    	(id:0, DR:DFP, PR:SRC) 	SRC_CAPABILITIES	DATA: 2C91010A2CD102002CB104002C410600	
Option: 	DRD	EPW	
 [1] Fixed : 5V - 3A
 [2] Fixed : 9V - 3A
 [3] Fixed : 15V - 3A
 [4] Fixed : 20V - 3A
	88	
SRC	70908	1	SOP	 PD3	s:018	    H:0x41A1    	(id:0, DR:DFP, PR:SRC) 	SRC_CAPABILITIES	DATA: 2C91010A2CD102002CB104002C410600	
Option: 	DRD	EPW	
 [1] Fixed : 5V - 3A
 [2] Fixed : 9V - 3A
 [3] Fixed : 15V - 3A
 [4] Fixed : 20V - 3A
	89	
SRC	71057	1	SOP	 PD3	s:018	    H:0x41A1    	(id:0, DR:DFP, PR:SRC) 	SRC_CAPABILITIES	DATA: 2C91010A2CD102002CB104002C410600	
Option: 	DRD	EPW	
 [1] Fixed : 5V - 3A
 [2] Fixed : 9V - 3A
 [3] Fixed : 15V - 3A
 [4] Fixed : 20V - 3A
	90	
SRC	71207	1	SOP	 PD3	s:018	    H:0x41A1    	(id:0, DR:DFP, PR:SRC) 	SRC_CAPABILITIES	DATA: 2C91010A2CD102002CB104002C410600	
Option: 	DRD	EPW	
 [1] Fixed : 5V - 3A
 [2] Fixed : 9V - 3A
 [3] Fixed : 15V - 3A
 [4] Fixed : 20V - 3A
	91	
SRC	71356	1	SOP	 PD3	s:018	    H:0x41A1    	(id:0, DR:DFP, PR:SRC) 	SRC_CAPABILITIES	DATA: 2C91010A2CD102002CB104002C410600	
Option: 	DRD	EPW	
 [1] Fixed : 5V - 3A
 [2] Fixed : 9V - 3A
 [3] Fixed : 15V - 3A
 [4] Fixed : 20V - 3A
	92	
SRC	71505	1	SOP	 PD3	s:018	    H:0x41A1    	(id:0, DR:DFP, PR:SRC) 	SRC_CAPABILITIES	DATA: 2C91010A2CD102002CB104002C410600	
Option: 	DRD	EPW	
 [1] Fixed : 5V - 3A
 [2] Fixed : 9V - 3A
 [3] Fixed : 15V - 3A
 [4] Fixed : 20V - 3A
	93	
SRC	71654	1	SOP	 PD3	s:018	    H:0x41A1    	(id:0, DR:DFP, PR:SRC) 	SRC_CAPABILITIES	DATA: 2C91010A2CD102002CB104002C410600	
Option: 	DRD	EPW	
 [1] Fixed : 5V - 3A
 [2] Fixed : 9V - 3A
 [3] Fixed : 15V - 3A
 [4] Fixed : 20V - 3A
	94	
SRC	71804	1	SOP	 PD3	s:018	    H:0x41A1    	(id:0, DR:DFP, PR:SRC) 	SRC_CAPABILITIES	DATA: 2C91010A2CD102002CB104002C410600	
Option: 	DRD	EPW	
 [1] Fixed : 5V - 3A
 [2] Fixed : 9V - 3A
 [3] Fixed : 15V - 3A
 [4] Fixed : 20V - 3A
	95	
SRC	71954	1	SOP	 PD3	s:018	    H:0x41A1    	(id:0, DR:DFP, PR:SRC) 	SRC_CAPABILITIES	DATA: 2C91010A2CD102002CB104002C410600	
Option: 	DRD	EPW	
 [1] Fixed : 5V - 3A
 [2] Fixed : 9V - 3A
 [3] Fixed : 15V - 3A
 [4] Fixed : 20V - 3A
	96	
SRC	72103	1	SOP	 PD3	s:018	    H:0x41A1    	(id:0, DR:DFP, PR:SRC) 	SRC_CAPABILITIES	DATA: 2C91010A2CD102002CB104002C410600	
Option: 	DRD	EPW	
 [1] Fixed : 5V - 3A
 [2] Fixed : 9V - 3A
 [3] Fixed : 15V - 3A
 [4] Fixed : 20V - 3A
	97	
SRC	72252	1	SOP	 PD3	s:018	    H:0x41A1    	(id:0, DR:DFP, PR:SRC) 	SRC_CAPABILITIES	DATA: 2C91010A2CD102002CB104002C410600	
Option: 	DRD	EPW	
 [1] Fixed : 5V - 3A
 [2] Fixed : 9V - 3A
 [3] Fixed : 15V - 3A
 [4] Fixed : 20V - 3A
	98	
SRC	72402	1	SOP	 PD3	s:018	    H:0x41A1    	(id:0, DR:DFP, PR:SRC) 	SRC_CAPABILITIES	DATA: 2C91010A2CD102002CB104002C410600	
Option: 	DRD	EPW	
 [1] Fixed : 5V - 3A
 [2] Fixed : 9V - 3A
 [3] Fixed : 15V - 3A
 [4] Fixed : 20V - 3A
	99	
SRC	72552	1	SOP	 PD3	s:018	    H:0x41A1    	(id:0, DR:DFP, PR:SRC) 	SRC_CAPABILITIES	DATA: 2C91010A2CD102002CB104002C410600	
Option: 	DRD	EPW	
 [1] Fixed : 5V - 3A
 [2] Fixed : 9V - 3A
 [3] Fixed : 15V - 3A
 [4] Fixed : 20V - 3A
	100	
SRC	72702	1	SOP	 PD3	s:018	    H:0x41A1    	(id:0, DR:DFP, PR:SRC) 	SRC_CAPABILITIES	DATA: 2C91010A2CD102002CB104002C410600	
Option: 	DRD	EPW	
 [1] Fixed : 5V - 3A
 [2] Fixed : 9V - 3A
 [3] Fixed : 15V - 3A
 [4] Fixed : 20V - 3A
	101	
SRC	72852	1	SOP	 PD3	s:018	    H:0x41A1    	(id:0, DR:DFP, PR:SRC) 	SRC_CAPABILITIES	DATA: 2C91010A2CD102002CB104002C410600	
Option: 	DRD	EPW	
 [1] Fixed : 5V - 3A
 [2] Fixed : 9V - 3A
 [3] Fixed : 15V - 3A
 [4] Fixed : 20V - 3A
	102	
SRC	73002	1	SOP	 PD3	s:018	    H:0x41A1    	(id:0, DR:DFP, PR:SRC) 	SRC_CAPABILITIES	DATA: 2C91010A2CD102002CB104002C410600	
Option: 	DRD	EPW	
 [1] Fixed : 5V - 3A
 [2] Fixed : 9V - 3A
 [3] Fixed : 15V - 3A
 [4] Fixed : 20V - 3A
	103	
SRC	73153	1	SOP	 PD3	s:018	    H:0x41A1    	(id:0, DR:DFP, PR:SRC) 	SRC_CAPABILITIES	DATA: 2C91010A2CD102002CB104002C410600	
Option: 	DRD	EPW	
 [1] Fixed : 5V - 3A
 [2] Fixed : 9V - 3A
 [3] Fixed : 15V - 3A
 [4] Fixed : 20V - 3A
	104	
SRC	73302	1	SOP	 PD3	s:018	    H:0x41A1    	(id:0, DR:DFP, PR:SRC) 	SRC_CAPABILITIES	DATA: 2C91010A2CD102002CB104002C410600	
Option: 	DRD	EPW	
 [1] Fixed : 5V - 3A
 [2] Fixed : 9V - 3A
 [3] Fixed : 15V - 3A
 [4] Fixed : 20V - 3A
	105	
SRC	73451	1	SOP	 PD3	s:018	    H:0x41A1    	(id:0, DR:DFP, PR:SRC) 	SRC_CAPABILITIES	DATA: 2C91010A2CD102002CB104002C410600	
Option: 	DRD	EPW	
 [1] Fixed : 5V - 3A
 [2] Fixed : 9V - 3A
 [3] Fixed : 15V - 3A
 [4] Fixed : 20V - 3A
	106	
SRC	73601	1	SOP	 PD3	s:018	    H:0x41A1    	(id:0, DR:DFP, PR:SRC) 	SRC_CAPABILITIES	DATA: 2C91010A2CD102002CB104002C410600	
Option: 	DRD	EPW	
 [1] Fixed : 5V - 3A
 [2] Fixed : 9V - 3A
 [3] Fixed : 15V - 3A
 [4] Fixed : 20V - 3A
	107	
SRC	73750	1	SOP	 PD3	s:018	    H:0x41A1    	(id:0, DR:DFP, PR:SRC) 	SRC_CAPABILITIES	DATA: 2C91010A2CD102002CB104002C410600	
Option: 	DRD	EPW	
 [1] Fixed : 5V - 3A
 [2] Fixed : 9V - 3A
 [3] Fixed : 15V - 3A
 [4] Fixed : 20V - 3A
	108	
SRC	73900	1	SOP	 PD3	s:018	    H:0x41A1    	(id:0, DR:DFP, PR:SRC) 	SRC_CAPABILITIES	DATA: 2C91010A2CD102002CB104002C410600	
Option: 	DRD	EPW	
 [1] Fixed : 5V - 3A
 [2] Fixed : 9V - 3A
 [3] Fixed : 15V - 3A
 [4] Fixed : 20V - 3A
	109	
SRC	74049	1	SOP	 PD3	s:018	    H:0x41A1    	(id:0, DR:DFP, PR:SRC) 	SRC_CAPABILITIES	DATA: 2C91010A2CD102002CB104002C410600	
Option: 	DRD	EPW	
 [1] Fixed : 5V - 3A
 [2] Fixed : 9V - 3A
 [3] Fixed : 15V - 3A
 [4] Fixed : 20V - 3A
	110	
SRC	74198	1	SOP	 PD3	s:018	    H:0x41A1    	(id:0, DR:DFP, PR:SRC) 	SRC_CAPABILITIES	DATA: 2C91010A2CD102002CB104002C410600	
Option: 	DRD	EPW	
 [1] Fixed : 5V - 3A
 [2] Fixed : 9V - 3A
 [3] Fixed : 15V - 3A
 [4] Fixed : 20V - 3A
	111	
SRC	74348	1	SOP	 PD3	s:018	    H:0x41A1    	(id:0, DR:DFP, PR:SRC) 	SRC_CAPABILITIES	DATA: 2C91010A2CD102002CB104002C410600	
Option: 	DRD	EPW	
 [1] Fixed : 5V - 3A
 [2] Fixed : 9V - 3A
 [3] Fixed : 15V - 3A
 [4] Fixed : 20V - 3A
	112	
SRC	74497	1	SOP	 PD3	s:018	    H:0x41A1    	(id:0, DR:DFP, PR:SRC) 	SRC_CAPABILITIES	DATA: 2C91010A2CD102002CB104002C410600	
Option: 	DRD	EPW	
 [1] Fixed : 5V - 3A
 [2] Fixed : 9V - 3A
 [3] Fixed : 15V - 3A
 [4] Fixed : 20V - 3A
	113	
SRC	74647	1	SOP	 PD3	s:018	    H:0x41A1    	(id:0, DR:DFP, PR:SRC) 	SRC_CAPABILITIES	DATA: 2C91010A2CD102002CB104002C410600	
Option: 	DRD	EPW	
 [1] Fixed : 5V - 3A
 [2] Fixed : 9V - 3A
 [3] Fixed : 15V - 3A
 [4] Fixed : 20V - 3A
	114	
SRC	74796	1	SOP	 PD3	s:018	    H:0x41A1    	(id:0, DR:DFP, PR:SRC) 	SRC_CAPABILITIES	DATA: 2C91010A2CD102002CB104002C410600	
Option: 	DRD	EPW	
 [1] Fixed : 5V - 3A
 [2] Fixed : 9V - 3A
 [3] Fixed : 15V - 3A
 [4] Fixed : 20V - 3A
	115	
SRC	74946	1	SOP	 PD3	s:018	    H:0x41A1    	(id:0, DR:DFP, PR:SRC) 	SRC_CAPABILITIES	DATA: 2C91010A2CD102002CB104002C410600	
Option: 	DRD	EPW	
 [1] Fixed : 5V - 3A
 [2] Fixed : 9V - 3A
 [3] Fixed : 15V - 3A
 [4] Fixed : 20V - 3A
	116	
SRC	75096	1	SOP	 PD3	s:018	    H:0x41A1    	(id:0, DR:DFP, PR:SRC) 	SRC_CAPABILITIES	DATA: 2C91010A2CD102002CB104002C410600	
Option: 	DRD	EPW	
 [1] Fixed : 5V - 3A
 [2] Fixed : 9V - 3A
 [3] Fixed : 15V - 3A
 [4] Fixed : 20V - 3A
	117	
SRC	75245	1	SOP	 PD3	s:018	    H:0x41A1    	(id:0, DR:DFP, PR:SRC) 	SRC_CAPABILITIES	DATA: 2C91010A2CD102002CB104002C410600	
Option: 	DRD	EPW	
 [1] Fixed : 5V - 3A
 [2] Fixed : 9V - 3A
 [3] Fixed : 15V - 3A
 [4] Fixed : 20V - 3A
	118	
SRC	75394	1	SOP	 PD3	s:018	    H:0x41A1    	(id:0, DR:DFP, PR:SRC) 	SRC_CAPABILITIES	DATA: 2C91010A2CD102002CB104002C410600	
Option: 	DRD	EPW	
 [1] Fixed : 5V - 3A
 [2] Fixed : 9V - 3A
 [3] Fixed : 15V - 3A
 [4] Fixed : 20V - 3A
	119	
SRC	75544	1	SOP	 PD3	s:018	    H:0x41A1    	(id:0, DR:DFP, PR:SRC) 	SRC_CAPABILITIES	DATA: 2C91010A2CD102002CB104002C410600	
Option: 	DRD	EPW	
 [1] Fixed : 5V - 3A
 [2] Fixed : 9V - 3A
 [3] Fixed : 15V - 3A
 [4] Fixed : 20V - 3A
	120	
SRC	75693	1	SOP	 PD3	s:018	    H:0x41A1    	(id:0, DR:DFP, PR:SRC) 	SRC_CAPABILITIES	DATA: 2C91010A2CD102002CB104002C410600	
Option: 	DRD	EPW	
 [1] Fixed : 5V - 3A
 [2] Fixed : 9V - 3A
 [3] Fixed : 15V - 3A
 [4] Fixed : 20V - 3A
	121	
DEBUG	75729	1	VBUS:884: CC:0	122	
EVENT	75729	1	EVENT_DETACHED	123	
EVENT	75879	1	EVENT_ATTACHED	124	
DEBUG	75879	1	VBUS:3048, CC:2	125	
SRC	75987	1	SOP	 PD3	s:018	    H:0x41A1    	(id:0, DR:DFP, PR:SRC) 	SRC_CAPABILITIES	DATA: 2C91010A2CD102002CB104002C410600	
Option: 	DRD	EPW	
 [1] Fixed : 5V - 3A
 [2] Fixed : 9V - 3A
 [3] Fixed : 15V - 3A
 [4] Fixed : 20V - 3A
	126	
SRC	76137	1	SOP	 PD3	s:018	    H:0x41A1    	(id:0, DR:DFP, PR:SRC) 	SRC_CAPABILITIES	DATA: 2C91010A2CD102002CB104002C410600	
Option: 	DRD	EPW	
 [1] Fixed : 5V - 3A
 [2] Fixed : 9V - 3A
 [3] Fixed : 15V - 3A
 [4] Fixed : 20V - 3A
	127	
SRC	76286	1	SOP	 PD3	s:018	    H:0x41A1    	(id:0, DR:DFP, PR:SRC) 	SRC_CAPABILITIES	DATA: 2C91010A2CD102002CB104002C410600	
Option: 	DRD	EPW	
 [1] Fixed : 5V - 3A
 [2] Fixed : 9V - 3A
 [3] Fixed : 15V - 3A
 [4] Fixed : 20V - 3A
	128	
SRC	76435	1	SOP	 PD3	s:018	    H:0x41A1    	(id:0, DR:DFP, PR:SRC) 	SRC_CAPABILITIES	DATA: 2C91010A2CD102002CB104002C410600	
Option: 	DRD	EPW	
 [1] Fixed : 5V - 3A
 [2] Fixed : 9V - 3A
 [3] Fixed : 15V - 3A
 [4] Fixed : 20V - 3A
	129	
SRC	76585	1	SOP	 PD3	s:018	    H:0x41A1    	(id:0, DR:DFP, PR:SRC) 	SRC_CAPABILITIES	DATA: 2C91010A2CD102002CB104002C410600	
Option: 	DRD	EPW	
 [1] Fixed : 5V - 3A
 [2] Fixed : 9V - 3A
 [3] Fixed : 15V - 3A
 [4] Fixed : 20V - 3A
	130	
SRC	76735	1	SOP	 PD3	s:018	    H:0x41A1    	(id:0, DR:DFP, PR:SRC) 	SRC_CAPABILITIES	DATA: 2C91010A2CD102002CB104002C410600	
Option: 	DRD	EPW	
 [1] Fixed : 5V - 3A
 [2] Fixed : 9V - 3A
 [3] Fixed : 15V - 3A
 [4] Fixed : 20V - 3A
	131	
SRC	76884	1	SOP	 PD3	s:018	    H:0x41A1    	(id:0, DR:DFP, PR:SRC) 	SRC_CAPABILITIES	DATA: 2C91010A2CD102002CB104002C410600	
Option: 	DRD	EPW	
 [1] Fixed : 5V - 3A
 [2] Fixed : 9V - 3A
 [3] Fixed : 15V - 3A
 [4] Fixed : 20V - 3A
	132	
SRC	77034	1	SOP	 PD3	s:018	    H:0x41A1    	(id:0, DR:DFP, PR:SRC) 	SRC_CAPABILITIES	DATA: 2C91010A2CD102002CB104002C410600	
Option: 	DRD	EPW	
 [1] Fixed : 5V - 3A
 [2] Fixed : 9V - 3A
 [3] Fixed : 15V - 3A
 [4] Fixed : 20V - 3A
	133	
DEBUG	77183	1	VBUS:984: CC:0	134	
EVENT	77183	1	EVENT_DETACHED	135	
EVENT	77333	1	EVENT_ATTACHED	136	
DEBUG	77333	1	VBUS:3946, CC:2	137	
SRC	77442	1	SOP	 PD3	s:018	    H:0x41A1    	(id:0, DR:DFP, PR:SRC) 	SRC_CAPABILITIES	DATA: 2C91010A2CD102002CB104002C410600	
Option: 	DRD	EPW	
 [1] Fixed : 5V - 3A
 [2] Fixed : 9V - 3A
 [3] Fixed : 15V - 3A
 [4] Fixed : 20V - 3A
	138	
SRC	77591	1	SOP	 PD3	s:018	    H:0x41A1    	(id:0, DR:DFP, PR:SRC) 	SRC_CAPABILITIES	DATA: 2C91010A2CD102002CB104002C410600	
Option: 	DRD	EPW	
 [1] Fixed : 5V - 3A
 [2] Fixed : 9V - 3A
 [3] Fixed : 15V - 3A
 [4] Fixed : 20V - 3A
	139	
SRC	77741	1	SOP	 PD3	s:018	    H:0x41A1    	(id:0, DR:DFP, PR:SRC) 	SRC_CAPABILITIES	DATA: 2C91010A2CD102002CB104002C410600	
Option: 	DRD	EPW	
 [1] Fixed : 5V - 3A
 [2] Fixed : 9V - 3A
 [3] Fixed : 15V - 3A
 [4] Fixed : 20V - 3A
	140	
SRC	77890	1	SOP	 PD3	s:018	    H:0x41A1    	(id:0, DR:DFP, PR:SRC) 	SRC_CAPABILITIES	DATA: 2C91010A2CD102002CB104002C410600	
Option: 	DRD	EPW	
 [1] Fixed : 5V - 3A
 [2] Fixed : 9V - 3A
 [3] Fixed : 15V - 3A
 [4] Fixed : 20V - 3A
	141	
SRC	78040	1	SOP	 PD3	s:018	    H:0x41A1    	(id:0, DR:DFP, PR:SRC) 	SRC_CAPABILITIES	DATA: 2C91010A2CD102002CB104002C410600	
Option: 	DRD	EPW	
 [1] Fixed : 5V - 3A
 [2] Fixed : 9V - 3A
 [3] Fixed : 15V - 3A
 [4] Fixed : 20V - 3A
	142	
SRC	78190	1	SOP	 PD3	s:018	    H:0x41A1    	(id:0, DR:DFP, PR:SRC) 	SRC_CAPABILITIES	DATA: 2C91010A2CD102002CB104002C410600	
Option: 	DRD	EPW	
 [1] Fixed : 5V - 3A
 [2] Fixed : 9V - 3A
 [3] Fixed : 15V - 3A
 [4] Fixed : 20V - 3A
	143	
SRC	78339	1	SOP	 PD3	s:018	    H:0x41A1    	(id:0, DR:DFP, PR:SRC) 	SRC_CAPABILITIES	DATA: 2C91010A2CD102002CB104002C410600	
Option: 	DRD	EPW	
 [1] Fixed : 5V - 3A
 [2] Fixed : 9V - 3A
 [3] Fixed : 15V - 3A
 [4] Fixed : 20V - 3A
	144	
SRC	78489	1	SOP	 PD3	s:018	    H:0x41A1    	(id:0, DR:DFP, PR:SRC) 	SRC_CAPABILITIES	DATA: 2C91010A2CD102002CB104002C410600	
Option: 	DRD	EPW	
 [1] Fixed : 5V - 3A
 [2] Fixed : 9V - 3A
 [3] Fixed : 15V - 3A
 [4] Fixed : 20V - 3A
	145	
DEBUG	78635	1	VBUS:988: CC:0	146	
EVENT	78635	1	EVENT_DETACHED	147	
EVENT	78789	1	EVENT_ATTACHED	148	
DEBUG	78789	1	VBUS:5218, CC:2	149	
SRC	78897	1	SOP	 PD3	s:018	    H:0x41A1    	(id:0, DR:DFP, PR:SRC) 	SRC_CAPABILITIES	DATA: 2C91010A2CD102002CB104002C410600	
Option: 	DRD	EPW	
 [1] Fixed : 5V - 3A
 [2] Fixed : 9V - 3A
 [3] Fixed : 15V - 3A
 [4] Fixed : 20V - 3A
	150	
SRC	79047	1	SOP	 PD3	s:018	    H:0x41A1    	(id:0, DR:DFP, PR:SRC) 	SRC_CAPABILITIES	DATA: 2C91010A2CD102002CB104002C410600	
Option: 	DRD	EPW	
 [1] Fixed : 5V - 3A
 [2] Fixed : 9V - 3A
 [3] Fixed : 15V - 3A
 [4] Fixed : 20V - 3A
	151	
SRC	79196	1	SOP	 PD3	s:018	    H:0x41A1    	(id:0, DR:DFP, PR:SRC) 	SRC_CAPABILITIES	DATA: 2C91010A2CD102002CB104002C410600	
Option: 	DRD	EPW	
 [1] Fixed : 5V - 3A
 [2] Fixed : 9V - 3A
 [3] Fixed : 15V - 3A
 [4] Fixed : 20V - 3A
	152	
SRC	79347	1	SOP	 PD3	s:018	    H:0x41A1    	(id:0, DR:DFP, PR:SRC) 	SRC_CAPABILITIES	DATA: 2C91010A2CD102002CB104002C410600	
Option: 	DRD	EPW	
 [1] Fixed : 5V - 3A
 [2] Fixed : 9V - 3A
 [3] Fixed : 15V - 3A
 [4] Fixed : 20V - 3A
	153	
SRC	79496	1	SOP	 PD3	s:018	    H:0x41A1    	(id:0, DR:DFP, PR:SRC) 	SRC_CAPABILITIES	DATA: 2C91010A2CD102002CB104002C410600	
Option: 	DRD	EPW	
 [1] Fixed : 5V - 3A
 [2] Fixed : 9V - 3A
 [3] Fixed : 15V - 3A
 [4] Fixed : 20V - 3A
	154	
SRC	79645	1	SOP	 PD3	s:018	    H:0x41A1    	(id:0, DR:DFP, PR:SRC) 	SRC_CAPABILITIES	DATA: 2C91010A2CD102002CB104002C410600	
Option: 	DRD	EPW	
 [1] Fixed : 5V - 3A
 [2] Fixed : 9V - 3A
 [3] Fixed : 15V - 3A
 [4] Fixed : 20V - 3A
	155	
SRC	79794	1	SOP	 PD3	s:018	    H:0x41A1    	(id:0, DR:DFP, PR:SRC) 	SRC_CAPABILITIES	DATA: 2C91010A2CD102002CB104002C410600	
Option: 	DRD	EPW	
 [1] Fixed : 5V - 3A
 [2] Fixed : 9V - 3A
 [3] Fixed : 15V - 3A
 [4] Fixed : 20V - 3A
	156	
SRC	79944	1	SOP	 PD3	s:018	    H:0x41A1    	(id:0, DR:DFP, PR:SRC) 	SRC_CAPABILITIES	DATA: 2C91010A2CD102002CB104002C410600	
Option: 	DRD	EPW	
 [1] Fixed : 5V - 3A
 [2] Fixed : 9V - 3A
 [3] Fixed : 15V - 3A
 [4] Fixed : 20V - 3A
	157	
DEBUG	80091	1	VBUS:955: CC:0	158	
EVENT	80091	1	EVENT_DETACHED	159	
EVENT	80243	1	EVENT_ATTACHED	160	
DEBUG	80243	1	VBUS:5198, CC:2	161	
SRC	80352	1	SOP	 PD3	s:018	    H:0x41A1    	(id:0, DR:DFP, PR:SRC) 	SRC_CAPABILITIES	DATA: 2C91010A2CD102002CB104002C410600	
Option: 	DRD	EPW	
 [1] Fixed : 5V - 3A
 [2] Fixed : 9V - 3A
 [3] Fixed : 15V - 3A
 [4] Fixed : 20V - 3A
	162	
SRC	80502	1	SOP	 PD3	s:018	    H:0x41A1    	(id:0, DR:DFP, PR:SRC) 	SRC_CAPABILITIES	DATA: 2C91010A2CD102002CB104002C410600	
Option: 	DRD	EPW	
 [1] Fixed : 5V - 3A
 [2] Fixed : 9V - 3A
 [3] Fixed : 15V - 3A
 [4] Fixed : 20V - 3A
	163	
SRC	80652	1	SOP	 PD3	s:018	    H:0x41A1    	(id:0, DR:DFP, PR:SRC) 	SRC_CAPABILITIES	DATA: 2C91010A2CD102002CB104002C410600	
Option: 	DRD	EPW	
 [1] Fixed : 5V - 3A
 [2] Fixed : 9V - 3A
 [3] Fixed : 15V - 3A
 [4] Fixed : 20V - 3A
	164	
SRC	80801	1	SOP	 PD3	s:018	    H:0x41A1    	(id:0, DR:DFP, PR:SRC) 	SRC_CAPABILITIES	DATA: 2C91010A2CD102002CB104002C410600	
Option: 	DRD	EPW	
 [1] Fixed : 5V - 3A
 [2] Fixed : 9V - 3A
 [3] Fixed : 15V - 3A
 [4] Fixed : 20V - 3A
	165	
SRC	80951	1	SOP	 PD3	s:018	    H:0x41A1    	(id:0, DR:DFP, PR:SRC) 	SRC_CAPABILITIES	DATA: 2C91010A2CD102002CB104002C410600	
Option: 	DRD	EPW	
 [1] Fixed : 5V - 3A
 [2] Fixed : 9V - 3A
 [3] Fixed : 15V - 3A
 [4] Fixed : 20V - 3A
	166	
SRC	81100	1	SOP	 PD3	s:018	    H:0x41A1    	(id:0, DR:DFP, PR:SRC) 	SRC_CAPABILITIES	DATA: 2C91010A2CD102002CB104002C410600	
Option: 	DRD	EPW	
 [1] Fixed : 5V - 3A
 [2] Fixed : 9V - 3A
 [3] Fixed : 15V - 3A
 [4] Fixed : 20V - 3A
	167	
SRC	81249	1	SOP	 PD3	s:018	    H:0x41A1    	(id:0, DR:DFP, PR:SRC) 	SRC_CAPABILITIES	DATA: 2C91010A2CD102002CB104002C410600	
Option: 	DRD	EPW	
 [1] Fixed : 5V - 3A
 [2] Fixed : 9V - 3A
 [3] Fixed : 15V - 3A
 [4] Fixed : 20V - 3A
	168	
SRC	81401	1	SOP	 PD3	s:018	    H:0x41A1    	(id:0, DR:DFP, PR:SRC) 	SRC_CAPABILITIES	DATA: 2C91010A2CD102002CB104002C410600	
Option: 	DRD	EPW	
 [1] Fixed : 5V - 3A
 [2] Fixed : 9V - 3A
 [3] Fixed : 15V - 3A
 [4] Fixed : 20V - 3A
	169	
DEBUG	81431	1	VBUS:906: CC:1	170	
EVENT	81431	1	EVENT_DETACHED	171	
